<?xml version="1.0" encoding="UTF-8"?>
<testng-results skipped="0" failed="1" total="1" passed="0">
  <reporter-output>
  </reporter-output>
  <suite name="Default suite" duration-ms="9810" started-at="2019-07-14T13:22:59Z" finished-at="2019-07-14T13:23:09Z">
    <groups>
    </groups>
    <test name="Default test" duration-ms="9810" started-at="2019-07-14T13:22:59Z" finished-at="2019-07-14T13:23:09Z">
      <class name="Test.IMBD01">
        <test-method status="PASS" signature="StartSession()[pri:0, instance:Test.IMBD01@29774679]" name="StartSession" is-config="true" duration-ms="6086" started-at="2019-07-14T16:22:59Z" finished-at="2019-07-14T16:23:05Z">
          <reporter-output>
          </reporter-output>
        </test-method> <!-- StartSession -->
        <test-method status="PASS" signature="doBeforeTestMethod(java.lang.reflect.Method)[pri:0, instance:Test.IMBD01@29774679]" name="doBeforeTestMethod" is-config="true" duration-ms="4" started-at="2019-07-14T16:23:05Z" finished-at="2019-07-14T16:23:05Z">
          <params>
            <param index="0">
              <value>
                <![CDATA[public void Test.IMBD01.test01_searchValue() throws java.io.IOException,javax.xml.parsers.ParserConfigurationException,org.xml.sax.SAXException,org.sikuli.script.FindFailed]]>
              </value>
            </param>
          </params>
          <reporter-output>
          </reporter-output>
        </test-method> <!-- doBeforeTestMethod -->
        <test-method status="FAIL" signature="test01_searchValue()[pri:0, instance:Test.IMBD01@29774679]" name="test01_searchValue" duration-ms="2955" started-at="2019-07-14T16:23:05Z" finished-at="2019-07-14T16:23:08Z">
          <exception class="java.lang.AssertionError">
            <message>
              <![CDATA[Fail to Find Image]]>
            </message>
            <full-stacktrace>
              <![CDATA[java.lang.AssertionError: Fail to Find Image
	at org.testng.Assert.fail(Assert.java:94)
	at Extensions.verify.image(verify.java:48)
	at Test.IMBD01.test01_searchValue(IMBD01.java:19)
	at sun.reflect.NativeMethodAccessorImpl.invoke0(Native Method)
	at sun.reflect.NativeMethodAccessorImpl.invoke(Unknown Source)
	at sun.reflect.DelegatingMethodAccessorImpl.invoke(Unknown Source)
	at java.lang.reflect.Method.invoke(Unknown Source)
	at org.testng.internal.MethodInvocationHelper.invokeMethod(MethodInvocationHelper.java:85)
	at org.testng.internal.Invoker.invokeMethod(Invoker.java:639)
	at org.testng.internal.Invoker.invokeTestMethod(Invoker.java:816)
	at org.testng.internal.Invoker.invokeTestMethods(Invoker.java:1124)
	at org.testng.internal.TestMethodWorker.invokeTestMethods(TestMethodWorker.java:125)
	at org.testng.internal.TestMethodWorker.run(TestMethodWorker.java:108)
	at org.testng.TestRunner.privateRun(TestRunner.java:774)
	at org.testng.TestRunner.run(TestRunner.java:624)
	at org.testng.SuiteRunner.runTest(SuiteRunner.java:359)
	at org.testng.SuiteRunner.runSequentially(SuiteRunner.java:354)
	at org.testng.SuiteRunner.privateRun(SuiteRunner.java:312)
	at org.testng.SuiteRunner.run(SuiteRunner.java:261)
	at org.testng.SuiteRunnerWorker.runSuite(SuiteRunnerWorker.java:52)
	at org.testng.SuiteRunnerWorker.run(SuiteRunnerWorker.java:86)
	at org.testng.TestNG.runSuitesSequentially(TestNG.java:1215)
	at org.testng.TestNG.runSuitesLocally(TestNG.java:1140)
	at org.testng.TestNG.run(TestNG.java:1048)
	at org.testng.remote.AbstractRemoteTestNG.run(AbstractRemoteTestNG.java:115)
	at org.testng.remote.RemoteTestNG.initAndRun(RemoteTestNG.java:251)
	at org.testng.remote.RemoteTestNG.main(RemoteTestNG.java:77)
]]>
            </full-stacktrace>
          </exception> <!-- java.lang.AssertionError -->
          <reporter-output>
          </reporter-output>
        </test-method> <!-- test01_searchValue -->
        <test-method status="PASS" signature="doAfterTest()[pri:0, instance:Test.IMBD01@29774679]" name="doAfterTest" is-config="true" duration-ms="1" started-at="2019-07-14T16:23:08Z" finished-at="2019-07-14T16:23:08Z">
          <reporter-output>
          </reporter-output>
        </test-method> <!-- doAfterTest -->
        <test-method status="PASS" signature="closeSession()[pri:0, instance:Test.IMBD01@29774679]" name="closeSession" is-config="true" duration-ms="750" started-at="2019-07-14T16:23:08Z" finished-at="2019-07-14T16:23:09Z">
          <reporter-output>
          </reporter-output>
        </test-method> <!-- closeSession -->
      </class> <!-- Test.IMBD01 -->
    </test> <!-- Default test -->
  </suite> <!-- Default suite -->
</testng-results>
